<?xml version="1.0" encoding="UTF-8"?>
<testsuite xmlns:xsi="http://www.w3.org/2001/XMLSchema-instance" xsi:noNamespaceSchemaLocation="https://maven.apache.org/surefire/maven-surefire-plugin/xsd/surefire-test-report-3.0.xsd" version="3.0" name="add, delete,fill out" time="51.443" tests="1" errors="1" skipped="0" failures="0">
  <properties>
[...]
</properties>
  <testcase name="add items" classname="add, delete,fill out" time="51.443">
    <error message="no such element: Unable to locate element: {&quot;method&quot;:&quot;css selector&quot;,&quot;selector&quot;:&quot;#name&quot;}&#10;  (Session info: chrome=103.0.5060.114)&#10;For documentation on this error, please visit: https://www.seleniumhq.org/exceptions/no_such_element.html&#10;Build info: version: &apos;3.141.59&apos;, revision: &apos;e82be7d358&apos;, time: &apos;2018-11-14T08:17:03&apos;&#10;System info: host: &apos;DESKTOP-A94U9T8&apos;, ip: &apos;192.168.1.128&apos;, os.name: &apos;Windows 10&apos;, os.arch: &apos;amd64&apos;, os.version: &apos;10.0&apos;, java.version: &apos;11.0.12&apos;&#10;Driver info: org.openqa.selenium.chrome.ChromeDriver&#10;Capabilities {acceptInsecureCerts: false, browserName: chrome, browserVersion: 103.0.5060.114, chrome: {chromedriverVersion: 103.0.5060.53 (a1711811edd7..., userDataDir: C:\Users\wifec\AppData\Loca...}, goog:chromeOptions: {debuggerAddress: localhost:64752}, javascriptEnabled: true, networkConnectionEnabled: false, pageLoadStrategy: normal, platform: WINDOWS, platformName: WINDOWS, proxy: Proxy(), setWindowRect: true, strictFileInteractability: false, timeouts: {implicit: 0, pageLoad: 300000, script: 30000}, unhandledPromptBehavior: dismiss and notify, webauthn:extension:credBlob: true, webauthn:extension:largeBlob: true, webauthn:virtualAuthenticators: true}&#10;Session ID: 0b3471e95c8362182765af620769c91e&#10;*** Element info: {Using=id, value=name}" type="org.openqa.selenium.NoSuchElementException"><![CDATA[org.openqa.selenium.NoSuchElementException: 
no such element: Unable to locate element: {"method":"css selector","selector":"#name"}
  (Session info: chrome=103.0.5060.114)
For documentation on this error, please visit: https://www.seleniumhq.org/exceptions/no_such_element.html
Build info: version: '3.141.59', revision: 'e82be7d358', time: '2018-11-14T08:17:03'
System info: host: 'DESKTOP-A94U9T8', ip: '192.168.1.128', os.name: 'Windows 10', os.arch: 'amd64', os.version: '10.0', java.version: '11.0.12'
Driver info: org.openqa.selenium.chrome.ChromeDriver
Capabilities {acceptInsecureCerts: false, browserName: chrome, browserVersion: 103.0.5060.114, chrome: {chromedriverVersion: 103.0.5060.53 (a1711811edd7..., userDataDir: C:\Users\wifec\AppData\Loca...}, goog:chromeOptions: {debuggerAddress: localhost:64752}, javascriptEnabled: true, networkConnectionEnabled: false, pageLoadStrategy: normal, platform: WINDOWS, platformName: WINDOWS, proxy: Proxy(), setWindowRect: true, strictFileInteractability: false, timeouts: {implicit: 0, pageLoad: 300000, script: 30000}, unhandledPromptBehavior: dismiss and notify, webauthn:extension:credBlob: true, webauthn:extension:largeBlob: true, webauthn:virtualAuthenticators: true}
Session ID: 0b3471e95c8362182765af620769c91e
*** Element info: {Using=id, value=name}
]]></error>
    <system-out><![CDATA[Jul 13, 2022 2:03:05 AM net.masterthought.cucumber.ReportParser parseJsonFiles
INFO: File 'C:\Users\wifec\AppData\Local\Temp\cucumber7396648657195525161.json' contains 1 features

null
java.lang.RuntimeException: java.net.ConnectException: Connection refused: connect
	at io.cucumber.core.plugin.MessageFormatter.writeMessage(MessageFormatter.java:34)
	at io.cucumber.core.eventbus.AbstractEventPublisher.send(AbstractEventPublisher.java:51)
	at io.cucumber.core.eventbus.AbstractEventBus.send(AbstractEventBus.java:12)
	at io.cucumber.core.runtime.SynchronizedEventBus.send(SynchronizedEventBus.java:47)
	at io.cucumber.core.runtime.CucumberExecutionContext.emitTestRunFinished(CucumberExecutionContext.java:139)
	at io.cucumber.core.runtime.CucumberExecutionContext.finishTestRun(CucumberExecutionContext.java:118)
	at io.cucumber.junit.Cucumber$FinishTestRun.evaluate(Cucumber.java:250)
	at org.junit.runners.ParentRunner$3.evaluate(ParentRunner.java:306)
	at org.junit.runners.ParentRunner.run(ParentRunner.java:413)
	at org.junit.runners.Suite.runChild(Suite.java:128)
	at org.junit.runners.Suite.runChild(Suite.java:27)
	at org.junit.runners.ParentRunner$4.run(ParentRunner.java:331)
	at org.apache.maven.surefire.junitcore.pc.Scheduler$1.run(Scheduler.java:405)
	at org.apache.maven.surefire.junitcore.pc.InvokerStrategy.schedule(InvokerStrategy.java:54)
	at org.apache.maven.surefire.junitcore.pc.Scheduler.schedule(Scheduler.java:362)
	at org.junit.runners.ParentRunner.runChildren(ParentRunner.java:329)
	at org.junit.runners.ParentRunner.access$100(ParentRunner.java:66)
	at org.junit.runners.ParentRunner$2.evaluate(ParentRunner.java:293)
	at org.junit.runners.ParentRunner$3.evaluate(ParentRunner.java:306)
	at org.junit.runners.ParentRunner.run(ParentRunner.java:413)
	at org.junit.runners.Suite.runChild(Suite.java:128)
	at org.junit.runners.Suite.runChild(Suite.java:27)
	at org.junit.runners.ParentRunner$4.run(ParentRunner.java:331)
	at org.apache.maven.surefire.junitcore.pc.Scheduler$1.run(Scheduler.java:405)
	at org.apache.maven.surefire.junitcore.pc.InvokerStrategy.schedule(InvokerStrategy.java:54)
	at org.apache.maven.surefire.junitcore.pc.Scheduler.schedule(Scheduler.java:362)
	at org.junit.runners.ParentRunner.runChildren(ParentRunner.java:329)
	at org.junit.runners.ParentRunner.access$100(ParentRunner.java:66)
	at org.junit.runners.ParentRunner$2.evaluate(ParentRunner.java:293)
	at org.junit.runners.ParentRunner$3.evaluate(ParentRunner.java:306)
	at org.junit.runners.ParentRunner.run(ParentRunner.java:413)
	at org.apache.maven.surefire.junitcore.pc.ParallelComputerBuilder$PC$1.run(ParallelComputerBuilder.java:590)
	at org.apache.maven.surefire.junitcore.JUnitCore.run(JUnitCore.java:55)
	at org.apache.maven.surefire.junitcore.JUnitCoreWrapper.createRequestAndRun(JUnitCoreWrapper.java:137)
	at org.apache.maven.surefire.junitcore.JUnitCoreWrapper.executeEager(JUnitCoreWrapper.java:107)
	at org.apache.maven.surefire.junitcore.JUnitCoreWrapper.execute(JUnitCoreWrapper.java:83)
	at org.apache.maven.surefire.junitcore.JUnitCoreWrapper.execute(JUnitCoreWrapper.java:75)
	at org.apache.maven.surefire.junitcore.JUnitCoreProvider.invoke(JUnitCoreProvider.java:157)
	at org.apache.maven.surefire.booter.ForkedBooter.runSuitesInProcess(ForkedBooter.java:428)
	at org.apache.maven.surefire.booter.ForkedBooter.execute(ForkedBooter.java:162)
	at org.apache.maven.surefire.booter.ForkedBooter.run(ForkedBooter.java:562)
	at org.apache.maven.surefire.booter.ForkedBooter.main(ForkedBooter.java:548)
Caused by: java.net.ConnectException: Connection refused: connect
	at java.base/jdk.internal.reflect.NativeConstructorAccessorImpl.newInstance0(Native Method)
	at java.base/jdk.internal.reflect.NativeConstructorAccessorImpl.newInstance(NativeConstructorAccessorImpl.java:62)
	at java.base/jdk.internal.reflect.DelegatingConstructorAccessorImpl.newInstance(DelegatingConstructorAccessorImpl.java:45)
	at java.base/java.lang.reflect.Constructor.newInstance(Constructor.java:490)
	at java.base/sun.net.www.protocol.http.HttpURLConnection$10.run(HttpURLConnection.java:1974)
	at java.base/sun.net.www.protocol.http.HttpURLConnection$10.run(HttpURLConnection.java:1969)
	at java.base/java.security.AccessController.doPrivileged(Native Method)
	at java.base/sun.net.www.protocol.http.HttpURLConnection.getChainedException(HttpURLConnection.java:1968)
	at java.base/sun.net.www.protocol.http.HttpURLConnection.getInputStream0(HttpURLConnection.java:1536)
	at java.base/sun.net.www.protocol.http.HttpURLConnection.getInputStream(HttpURLConnection.java:1520)
	at java.base/java.net.HttpURLConnection.getResponseCode(HttpURLConnection.java:527)
	at java.base/sun.net.www.protocol.https.HttpsURLConnectionImpl.getResponseCode(HttpsURLConnectionImpl.java:334)
	at io.cucumber.core.plugin.UrlOutputStream.getResponseBody(UrlOutputStream.java:125)
	at io.cucumber.core.plugin.UrlOutputStream.sendRequest(UrlOutputStream.java:87)
	at io.cucumber.core.plugin.UrlOutputStream.close(UrlOutputStream.java:65)
	at java.base/sun.nio.cs.StreamEncoder.implClose(StreamEncoder.java:341)
	at java.base/sun.nio.cs.StreamEncoder.close(StreamEncoder.java:161)
	at java.base/java.io.OutputStreamWriter.close(OutputStreamWriter.java:255)
	at io.cucumber.core.plugin.MessageFormatter.writeMessage(MessageFormatter.java:31)
	... 41 more
Caused by: java.net.ConnectException: Connection refused: connect
	at java.base/java.net.PlainSocketImpl.connect0(Native Method)
	at java.base/java.net.PlainSocketImpl.socketConnect(PlainSocketImpl.java:101)
	at java.base/java.net.AbstractPlainSocketImpl.doConnect(AbstractPlainSocketImpl.java:399)
	at java.base/java.net.AbstractPlainSocketImpl.connectToAddress(AbstractPlainSocketImpl.java:242)
	at java.base/java.net.AbstractPlainSocketImpl.connect(AbstractPlainSocketImpl.java:224)
	at java.base/java.net.SocksSocketImpl.connect(SocksSocketImpl.java:392)
	at java.base/java.net.Socket.connect(Socket.java:608)
	at java.base/sun.security.ssl.SSLSocketImpl.connect(SSLSocketImpl.java:287)
	at java.base/sun.security.ssl.BaseSSLSocketImpl.connect(BaseSSLSocketImpl.java:173)
	at java.base/sun.net.NetworkClient.doConnect(NetworkClient.java:182)
	at java.base/sun.net.www.http.HttpClient.openServer(HttpClient.java:474)
	at java.base/sun.net.www.http.HttpClient.openServer(HttpClient.java:569)
	at java.base/sun.net.www.protocol.https.HttpsClient.<init>(HttpsClient.java:265)
	at java.base/sun.net.www.protocol.https.HttpsClient.New(HttpsClient.java:372)
	at java.base/sun.net.www.protocol.https.AbstractDelegateHttpsURLConnection.getNewHttpClient(AbstractDelegateHttpsURLConnection.java:203)
	at java.base/sun.net.www.protocol.http.HttpURLConnection.plainConnect0(HttpURLConnection.java:1232)
	at java.base/sun.net.www.protocol.http.HttpURLConnection.plainConnect(HttpURLConnection.java:1081)
	at java.base/sun.net.www.protocol.https.AbstractDelegateHttpsURLConnection.connect(AbstractDelegateHttpsURLConnection.java:189)
	at java.base/sun.net.www.protocol.http.HttpURLConnection.getInputStream0(HttpURLConnection.java:1592)
	at java.base/sun.net.www.protocol.http.HttpURLConnection.getInputStream(HttpURLConnection.java:1520)
	at java.base/sun.net.www.protocol.http.HttpURLConnection.getHeaderFields(HttpURLConnection.java:3122)
	at java.base/sun.net.www.protocol.https.HttpsURLConnectionImpl.getHeaderFields(HttpsURLConnectionImpl.java:279)
	at io.cucumber.core.plugin.UrlOutputStream.getResponseBody(UrlOutputStream.java:124)
	... 47 more


@demoblaze
Scenario: add items                                                           &amp#27;[90m# src/test/resources_cydeo/features/demoblaze.feature:5&amp#27;[0m
before scenario running
  &amp#27;[32mGiven &amp#27;[0m&amp#27;[32mcustomer is on homepage&amp#27;[0m                                               &amp#27;[90m# com.cydeo.step_definitions.Demoblaze_steps.customer_is_on_homepage()&amp#27;[0m
  &amp#27;[32mWhen &amp#27;[0m&amp#27;[32mclick on &amp#27;[0m&amp#27;[32m&amp#27;[1m"Monitors"&amp#27;[0m&amp#27;[32m and &amp#27;[0m&amp#27;[32m&amp#27;[1m"Apple monitor 24"&amp#27;[0m                             &amp#27;[90m# com.cydeo.step_definitions.Demoblaze_steps.clickOnAnd(java.lang.String,java.lang.String)&amp#27;[0m
  &amp#27;[32mWhen &amp#27;[0m&amp#27;[32mclick on &amp#27;[0m&amp#27;[32m&amp#27;[1m"Cart"&amp#27;[0m                                                        &amp#27;[90m# com.cydeo.step_definitions.Demoblaze_steps.click_on(java.lang.String)&amp#27;[0m
  &amp#27;[32mAnd &amp#27;[0m&amp#27;[32mdelete &amp#27;[0m&amp#27;[32m&amp#27;[1m"Apple monitor 24"&amp#27;[0m&amp#27;[32m from cart&amp#27;[0m                                     &amp#27;[90m# com.cydeo.step_definitions.Demoblaze_steps.delete_from_cart(java.lang.String)&amp#27;[0m
  &amp#27;[32mAnd &amp#27;[0m&amp#27;[32mclick on &amp#27;[0m&amp#27;[32m&amp#27;[1m"Place order"&amp#27;[0m                                                  &amp#27;[90m# com.cydeo.step_definitions.Demoblaze_steps.click_on(java.lang.String)&amp#27;[0m
  &amp#27;[31mAnd &amp#27;[0m&amp#27;[31mfill in all web form fields&amp#27;[0m                                             &amp#27;[90m# com.cydeo.step_definitions.Demoblaze_steps.fill_in_all_web_form_fields()&amp#27;[0m
      &amp#27;[31morg.openqa.selenium.NoSuchElementException: no such element: Unable to locate element: {"method":"css selector","selector":"#name"}
  (Session info: chrome=103.0.5060.114)
For documentation on this error, please visit: https://www.seleniumhq.org/exceptions/no_such_element.html
Build info: version: '3.141.59', revision: 'e82be7d358', time: '2018-11-14T08:17:03'
System info: host: 'DESKTOP-A94U9T8', ip: '192.168.1.128', os.name: 'Windows 10', os.arch: 'amd64', os.version: '10.0', java.version: '11.0.12'
Driver info: org.openqa.selenium.chrome.ChromeDriver
Capabilities {acceptInsecureCerts: false, browserName: chrome, browserVersion: 103.0.5060.114, chrome: {chromedriverVersion: 103.0.5060.53 (a1711811edd7..., userDataDir: C:\Users\wifec\AppData\Loca...}, goog:chromeOptions: {debuggerAddress: localhost:64752}, javascriptEnabled: true, networkConnectionEnabled: false, pageLoadStrategy: normal, platform: WINDOWS, platformName: WINDOWS, proxy: Proxy(), setWindowRect: true, strictFileInteractability: false, timeouts: {implicit: 0, pageLoad: 300000, script: 30000}, unhandledPromptBehavior: dismiss and notify, webauthn:extension:credBlob: true, webauthn:extension:largeBlob: true, webauthn:virtualAuthenticators: true}
Session ID: 0b3471e95c8362182765af620769c91e
*** Element info: {Using=id, value=name}
	at java.base/jdk.internal.reflect.NativeConstructorAccessorImpl.newInstance0(Native Method)
	at java.base/jdk.internal.reflect.NativeConstructorAccessorImpl.newInstance(NativeConstructorAccessorImpl.java:62)
	at java.base/jdk.internal.reflect.DelegatingConstructorAccessorImpl.newInstance(DelegatingConstructorAccessorImpl.java:45)
	at java.base/java.lang.reflect.Constructor.newInstance(Constructor.java:490)
	at org.openqa.selenium.remote.http.W3CHttpResponseCodec.createException(W3CHttpResponseCodec.java:187)
	at org.openqa.selenium.remote.http.W3CHttpResponseCodec.decode(W3CHttpResponseCodec.java:122)
	at org.openqa.selenium.remote.http.W3CHttpResponseCodec.decode(W3CHttpResponseCodec.java:49)
	at org.openqa.selenium.remote.HttpCommandExecutor.execute(HttpCommandExecutor.java:158)
	at org.openqa.selenium.remote.service.DriverCommandExecutor.execute(DriverCommandExecutor.java:83)
	at org.openqa.selenium.remote.RemoteWebDriver.execute(RemoteWebDriver.java:552)
	at org.openqa.selenium.remote.RemoteWebDriver.findElement(RemoteWebDriver.java:323)
	at org.openqa.selenium.remote.RemoteWebDriver.findElementById(RemoteWebDriver.java:372)
	at org.openqa.selenium.By$ById.findElement(By.java:188)
	at org.openqa.selenium.remote.RemoteWebDriver.findElement(RemoteWebDriver.java:315)
	at org.openqa.selenium.support.pagefactory.DefaultElementLocator.findElement(DefaultElementLocator.java:69)
	at org.openqa.selenium.support.pagefactory.internal.LocatingElementHandler.invoke(LocatingElementHandler.java:38)
	at com.sun.proxy.$Proxy21.sendKeys(Unknown Source)
	at com.cydeo.pages.AdidasPage.fillForm(AdidasPage.java:94)
	at com.cydeo.step_definitions.Demoblaze_steps.fill_in_all_web_form_fields(Demoblaze_steps.java:36)
	at âœ½.fill in all web form fields(file:///C:/Users/wifec/cucumber-junit-project/src/test/resources_cydeo/features/demoblaze.feature:11)
&amp#27;[0m
  &amp#27;[36mAnd &amp#27;[0m&amp#27;[36mclick on &amp#27;[0m&amp#27;[36m&amp#27;[1m"Purchase"&amp#27;[0m                                                     &amp#27;[90m# com.cydeo.step_definitions.Demoblaze_steps.click_on(java.lang.String)&amp#27;[0m
  &amp#27;[36mAnd &amp#27;[0m&amp#27;[36mcapture and log purchase Id and Amount&amp#27;[0m                                  &amp#27;[90m# com.cydeo.step_definitions.Demoblaze_steps.capture_and_log_purchase_id_and_amount()&amp#27;[0m
  &amp#27;[36mAnd &amp#27;[0m&amp#27;[36massert purchase amount equals expected&amp#27;[0m                                  &amp#27;[90m# com.cydeo.step_definitions.Demoblaze_steps.assert_purchase_amount_equals_expected()&amp#27;[0m
  &amp#27;[36mAnd &amp#27;[0m&amp#27;[36mclick on &amp#27;[0m&amp#27;[36m&amp#27;[1m"Ok"&amp#27;[0m                                                           &amp#27;[90m# com.cydeo.step_definitions.Demoblaze_steps.click_on(java.lang.String)&amp#27;[0m
  &amp#27;[36mAnd &amp#27;[0m&amp#27;[36mclick on &amp#27;[0m&amp#27;[36m&amp#27;[1m"Cart"&amp#27;[0m                                                         &amp#27;[90m# com.cydeo.step_definitions.Demoblaze_steps.click_on(java.lang.String)&amp#27;[0m
  &amp#27;[36mThen &amp#27;[0m&amp#27;[36mcustomer should be able to verify that there is no product in the cart&amp#27;[0m &amp#27;[90m# com.cydeo.step_definitions.Demoblaze_steps.customer_should_be_able_to_verify_that_there_is_no_product_in_the_cart()&amp#27;[0m
After scenario running

    Embedding add items [image/png 343947 bytes]

]]></system-out>
    <system-err><![CDATA[SLF4J: Failed to load class "org.slf4j.impl.StaticLoggerBinder".
SLF4J: Defaulting to no-operation (NOP) logger implementation
SLF4J: See http://www.slf4j.org/codes.html#StaticLoggerBinder for further details.
Starting ChromeDriver 103.0.5060.53 (a1711811edd74ff1cf2150f36ffa3b0dae40b17f-refs/branch-heads/5060@{#853}) on port 29643
Only local connections are allowed.
Please see https://chromedriver.chromium.org/security-considerations for suggestions on keeping ChromeDriver safe.
ChromeDriver was started successfully.
Jul 13, 2022 2:02:23 AM org.openqa.selenium.remote.ProtocolHandshake createSession
INFO: Detected dialect: W3C
]]></system-err>
  </testcase>
</testsuite>